<?xml version="1.0" encoding="UTF-8"?>
<testng-results skipped="0" failed="0" ignored="0" total="1" passed="1">
  <reporter-output>
  </reporter-output>
  <suite name="Default suite" duration-ms="5738" started-at="2019-12-27T11:12:38Z" finished-at="2019-12-27T11:12:43Z">
    <groups>
    </groups>
    <test name="Default test" duration-ms="5738" started-at="2019-12-27T11:12:38Z" finished-at="2019-12-27T11:12:43Z">
      <class name="alert1">
        <test-method status="PASS" signature="beforeClass()[pri:0, instance:alert1@100fc185]" name="beforeClass" is-config="true" duration-ms="3634" started-at="2019-12-27T16:42:38Z" finished-at="2019-12-27T16:42:41Z">
          <reporter-output>
          </reporter-output>
        </test-method> <!-- beforeClass -->
        <test-method status="PASS" signature="beforeTest()[pri:0, instance:alert1@100fc185]" name="beforeTest" is-config="true" duration-ms="0" started-at="2019-12-27T16:42:38Z" finished-at="2019-12-27T16:42:38Z">
          <reporter-output>
          </reporter-output>
        </test-method> <!-- beforeTest -->
        <test-method status="PASS" signature="alert()[pri:0, instance:alert1@100fc185]" name="alert" duration-ms="2073" started-at="2019-12-27T16:42:41Z" finished-at="2019-12-27T16:42:43Z">
          <reporter-output>
          </reporter-output>
        </test-method> <!-- alert -->
        <test-method status="PASS" signature="beforeMethod()[pri:0, instance:alert1@100fc185]" name="beforeMethod" is-config="true" duration-ms="0" started-at="2019-12-27T16:42:41Z" finished-at="2019-12-27T16:42:41Z">
          <reporter-output>
          </reporter-output>
        </test-method> <!-- beforeMethod -->
        <test-method status="PASS" signature="afterClass()[pri:0, instance:alert1@100fc185]" name="afterClass" is-config="true" duration-ms="0" started-at="2019-12-27T16:42:43Z" finished-at="2019-12-27T16:42:43Z">
          <reporter-output>
          </reporter-output>
        </test-method> <!-- afterClass -->
        <test-method status="PASS" signature="afterTest()[pri:0, instance:alert1@100fc185]" name="afterTest" is-config="true" duration-ms="0" started-at="2019-12-27T16:42:43Z" finished-at="2019-12-27T16:42:43Z">
          <reporter-output>
          </reporter-output>
        </test-method> <!-- afterTest -->
        <test-method status="PASS" signature="afterMethod()[pri:0, instance:alert1@100fc185]" name="afterMethod" is-config="true" duration-ms="0" started-at="2019-12-27T16:42:43Z" finished-at="2019-12-27T16:42:43Z">
          <reporter-output>
          </reporter-output>
        </test-method> <!-- afterMethod -->
      </class> <!-- alert1 -->
    </test> <!-- Default test -->
  </suite> <!-- Default suite -->
</testng-results>
